#
# A fatal error has been detected by the Java Runtime Environment:
#
#  SIGSEGV (0xb) at pc=0x00007fff94186097, pid=19728, tid=3335
#
# JRE version: Java(TM) SE Runtime Environment (8.0_05-b13) (build 1.8.0_05-b13)
# Java VM: Java HotSpot(TM) 64-Bit Server VM (25.5-b02 mixed mode bsd-amd64 compressed oops)
# Problematic frame:
# C  [libobjc.A.dylib+0x5097]  objc_msgSend+0x17
#
# Failed to write core dump. Core dumps have been disabled. To enable core dumping, try "ulimit -c unlimited" before starting Java again
#
# If you would like to submit a bug report, please visit:
#   http://bugreport.sun.com/bugreport/crash.jsp
# The crash happened outside the Java Virtual Machine in native code.
# See problematic frame for where to report the bug.
#

---------------  T H R E A D  ---------------

Current thread (0x00007f95f192d800):  JavaThread "AppKit Thread" daemon [_thread_in_native, id=3335, stack(0x00007fff57d28000,0x00007fff58528000)]

siginfo:si_signo=SIGSEGV: si_errno=0, si_code=0 (SEGV0), si_addr=0x0000000000000000

Registers:
RAX=0x00007f95f0740320, RBX=0x00000000000f42ec, RCX=0x0000000000000000, RDX=0x00007f95f07479a0
RSP=0x00007fff58522d08, RBP=0x00007fff58522d10, RSI=0x00007fff93922b9f, RDI=0x00007f95f0740320
R8 =0x0000000000000040, R9 =0x00007fff58522c00, R10=0x00007fff93922b9f, R11=0x300007f95f074211
R12=0x00000000000f42ec, R13=0x00007fff58522ed8, R14=0x00007f95f06a5460, R15=0x00007fff58522e38
RIP=0x00007fff94186097, EFLAGS=0x0000000000010246, ERR=0x0000000000000000
  TRAPNO=0x000000000000000d

Top of Stack: (sp=0x00007fff58522d08)
0x00007fff58522d08:   00007fff97786e0c 00007fff58523070
0x00007fff58522d18:   00007fff9767a82d 0000000000000003
0x00007fff58522d28:   00000001076f5400 00007fff58522d70
0x00007fff58522d38:   00007fff90432272 0000000000000798
0x00007fff58522d48:   00000000000f42ee 0000000000000002
0x00007fff58522d58:   00007f95f0743d70 00007f95f07436e0
0x00007fff58522d68:   00007f95f061b250 00007f95f07479a0
0x00007fff58522d78:   00007fff58522e30 0000000000000000
0x00007fff58522d88:   00000000000f42ec 0000000000000051
0x00007fff58522d98:   00007fff58522eb0 0000000000000000
0x00007fff58522da8:   0000000000000001 00007f95f061b240
0x00007fff58522db8:   000000000000004f 00000000000b77c3
0x00007fff58522dc8:   0000010000000000 00007fff7c5b1a60
0x00007fff58522dd8:   000020600097b6ea 00007fff58522f30
0x00007fff58522de8:   0000000000000000 00007fff58522ec8
0x00007fff58522df8:   00007fff58522ea8 00007fff7c5b1a48
0x00007fff58522e08:   0000000000000000 0000000000000022
0x00007fff58522e18:   00007fff9097b6ea 00007fff7cd31d38
0x00007fff58522e28:   0000000000000000 00007f95f0743df0
0x00007fff58522e38:   00007f95f06a5460 00007fff969cbb08
0x00007fff58522e48:   0000000000000000 00007fff58522f10
0x00007fff58522e58:   00007fff90abddde 00007fff7d28b0d0
0x00007fff58522e68:   0000000042000000 00007fff90ac61d1
0x00007fff58522e78:   00007fff7c58db40 00007fff58522f78
0x00007fff58522e88:   00007fff58522ea8 00007fff58522ec8
0x00007fff58522e98:   0000000000000000 00000001076f1001
0x00007fff58522ea8:   0000000000000000 000000000000004d
0x00007fff58522eb8:   0000000000000000 00000000000f42e5
0x00007fff58522ec8:   000000000000004f 0000000000000000
0x00007fff58522ed8:   00000000000f42ec 0000000158522f80
0x00007fff58522ee8:   00007fff9097c261 00007fff7ce69748
0x00007fff58522ef8:   00007fff7ce6974c 000000007ce651b8 

Instructions: (pc=0x00007fff94186097)
0x00007fff94186077:   90 90 90 90 90 90 90 90 90 48 85 ff 2e 74 72 40
0x00007fff94186087:   f6 c7 01 2e 0f 85 7e 00 00 00 4c 8b 1f 49 89 f2
0x00007fff94186097:   45 23 53 18 49 c1 e2 04 4d 03 53 10 49 3b 32 75
0x00007fff941860a7:   04 41 ff 62 08 49 83 3a 00 74 74 4d 3b 53 10 74 

Register to memory mapping:

RAX=0x00007f95f0740320 is an unknown value
RBX=0x00000000000f42ec is an unknown value
RCX=0x0000000000000000 is an unknown value
RDX=0x00007f95f07479a0 is an unknown value
RSP=0x00007fff58522d08 is pointing into the stack for thread: 0x00007f95f192d800
RBP=0x00007fff58522d10 is pointing into the stack for thread: 0x00007f95f192d800
RSI=0x00007fff93922b9f: NSAppKitVersionNumber+0x5358f in /System/Library/Frameworks/AppKit.framework/Versions/C/AppKit at 0x00007fff92e7f000
RDI=0x00007f95f0740320 is an unknown value
R8 =0x0000000000000040 is an unknown value
R9 =0x00007fff58522c00 is pointing into the stack for thread: 0x00007f95f192d800
R10=0x00007fff93922b9f: NSAppKitVersionNumber+0x5358f in /System/Library/Frameworks/AppKit.framework/Versions/C/AppKit at 0x00007fff92e7f000
R11=0x300007f95f074211 is an unknown value
R12=0x00000000000f42ec is an unknown value
R13=0x00007fff58522ed8 is pointing into the stack for thread: 0x00007f95f192d800
R14=0x00007f95f06a5460 is an unknown value
R15=0x00007fff58522e38 is pointing into the stack for thread: 0x00007f95f192d800


Stack: [0x00007fff57d28000,0x00007fff58528000],  sp=0x00007fff58522d08,  free space=8171k
Native frames: (J=compiled Java code, j=interpreted, Vv=VM code, C=native code)
C  [libobjc.A.dylib+0x5097]  objc_msgSend+0x17
C  [CoreFoundation+0x1082d]  _CFXNotificationPost+0xb4d
C  [Foundation+0x27ba]  -[NSNotificationCenter postNotificationName:object:userInfo:]+0x44
C  [AppKit+0x10f5a9]  -[NSSurface _disposeSurface]+0x98
C  [AppKit+0x10f045]  -[NSSurface setWindow:]+0x46
C  [AppKit+0x3af27]  -[NSView _setWindow:]+0x8ea
C  [AppKit+0x3bf7a]  -[NSView removeFromSuperview]+0x15e
C  [AppKit+0x986e9]  -[NSView removeFromSuperviewWithoutNeedingDisplay]+0x26
C  [liblwjgl.dylib+0x9c3e]  +[MacOSXKeyableWindow destroyWindow]+0xde
C  [Foundation+0x6313e]  __NSThreadPerformPerform+0xe5
C  [CoreFoundation+0x7f5b1]  __CFRUNLOOP_IS_CALLING_OUT_TO_A_SOURCE0_PERFORM_FUNCTION__+0x11
C  [CoreFoundation+0x70c62]  __CFRunLoopDoSources0+0xf2
C  [CoreFoundation+0x703ef]  __CFRunLoopRun+0x33f
C  [CoreFoundation+0x6fe75]  CFRunLoopRunSpecific+0x135
C  [HIToolbox+0x2ea0d]  RunCurrentEventLoopInMode+0xe2
C  [HIToolbox+0x2e7b7]  ReceiveNextEventCommon+0x1df
C  [HIToolbox+0x2e5bc]  _BlockUntilNextEventMatchingListInModeWithFilter+0x41
C  [AppKit+0x2424e]  _DPSNextEvent+0x59a
C  [AppKit+0x2389b]  -[NSApplication nextEventMatchingMask:untilDate:inMode:dequeue:]+0x7a
C  [libosxapp.dylib+0x242a]  -[NSApplicationAWT nextEventMatchingMask:untilDate:inMode:dequeue:]+0x7c
C  [AppKit+0x1799c]  -[NSApplication run]+0x229
C  [libosxapp.dylib+0x223e]  +[NSApplicationAWT runAWTLoopWithApp:]+0x9c
C  [libawt_lwawt.dylib+0x439cf]  -[AWTStarter starter:]+0x389
C  [Foundation+0x6313e]  __NSThreadPerformPerform+0xe5
C  [CoreFoundation+0x7f5b1]  __CFRUNLOOP_IS_CALLING_OUT_TO_A_SOURCE0_PERFORM_FUNCTION__+0x11
C  [CoreFoundation+0x70c62]  __CFRunLoopDoSources0+0xf2
C  [CoreFoundation+0x703ef]  __CFRunLoopRun+0x33f
C  [CoreFoundation+0x6fe75]  CFRunLoopRunSpecific+0x135
C  [java+0x56cb]  CreateExecutionEnvironment+0x367
C  [java+0x166c]  JLI_Launch+0x7a0
C  [java+0x7689]  main+0x65
C  [java+0xec4]  start+0x34


---------------  P R O C E S S  ---------------

Java Threads: ( => current thread )
  0x00007f95f111d000 JavaThread "DestroyJavaVM" [_thread_blocked, id=6915, stack(0x00000001086ad000,0x00000001087ad000)]
  0x00007f95f1955000 JavaThread "LWJGL Application" [_thread_in_native, id=62723, stack(0x00000001219a5000,0x0000000121aa5000)]
  0x00007f95f20ee800 JavaThread "AWT-Shutdown" [_thread_blocked, id=28683, stack(0x000000011eccb000,0x000000011edcb000)]
=>0x00007f95f192d800 JavaThread "AppKit Thread" daemon [_thread_in_native, id=3335, stack(0x00007fff57d28000,0x00007fff58528000)]
  0x00007f95f1801000 JavaThread "Service Thread" daemon [_thread_blocked, id=19971, stack(0x000000011d06d000,0x000000011d16d000)]
  0x00007f95f1033800 JavaThread "C1 CompilerThread2" daemon [_thread_blocked, id=19459, stack(0x000000011cf6a000,0x000000011d06a000)]
  0x00007f95f1032800 JavaThread "C2 CompilerThread1" daemon [_thread_blocked, id=18947, stack(0x000000011ce67000,0x000000011cf67000)]
  0x00007f95f1031000 JavaThread "C2 CompilerThread0" daemon [_thread_blocked, id=18435, stack(0x000000011cd64000,0x000000011ce64000)]
  0x00007f95f0808000 JavaThread "Signal Dispatcher" daemon [_thread_blocked, id=17923, stack(0x000000011cc61000,0x000000011cd61000)]
  0x00007f95f1029000 JavaThread "Finalizer" daemon [_thread_blocked, id=13059, stack(0x000000011ca12000,0x000000011cb12000)]
  0x00007f95f1023000 JavaThread "Reference Handler" daemon [_thread_blocked, id=12547, stack(0x000000011c90f000,0x000000011ca0f000)]

Other Threads:
  0x00007f95f101e000 VMThread [stack: 0x000000011c80c000,0x000000011c90c000] [id=12035]
  0x00007f95f1811000 WatcherThread [stack: 0x000000011d170000,0x000000011d270000] [id=20483]

VM state:not at safepoint (normal execution)

VM Mutex/Monitor currently owned by a thread: None

Heap:
 PSYoungGen      total 8192K, used 6122K [0x00000007aab00000, 0x00000007ab600000, 0x00000007c0000000)
  eden space 6656K, 72% used [0x00000007aab00000,0x00000007aafb3390,0x00000007ab180000)
  from space 1536K, 85% used [0x00000007ab380000,0x00000007ab4c7580,0x00000007ab500000)
  to   space 2048K, 0% used [0x00000007ab180000,0x00000007ab180000,0x00000007ab380000)
 ParOldGen       total 64000K, used 13921K [0x0000000780000000, 0x0000000783e80000, 0x00000007aab00000)
  object space 64000K, 21% used [0x0000000780000000,0x0000000780d984d0,0x0000000783e80000)
 Metaspace       used 9507K, capacity 9615K, committed 9728K, reserved 1058816K
  class space    used 982K, capacity 1010K, committed 1024K, reserved 1048576K

Card table byte_map: [0x00000001183c9000,0x00000001185ca000] byte_map_base: 0x00000001147c9000

Marking Bits: (ParMarkBitMap*) 0x000000010803c0a0
 Begin Bits: [0x0000000118b2c000, 0x0000000119b2c000)
 End Bits:   [0x0000000119b2c000, 0x000000011ab2c000)

Polling page: 0x00000001087f1000

CodeCache: size=245760Kb used=2753Kb max_used=2764Kb free=243006Kb
 bounds [0x0000000109009000, 0x00000001092c9000, 0x0000000118009000]
 total_blobs=1160 nmethods=707 adapters=369
 compilation: enabled

Compilation events (10 events):
Event: 1.695 Thread 0x00007f95f1033800  703       3       com.badlogic.gdx.math.Vector3::sub (23 bytes)
Event: 1.695 Thread 0x00007f95f1033800 nmethod 703 0x00000001092b84d0 code [0x00000001092b8640, 0x00000001092b8830]
Event: 1.744 Thread 0x00007f95f1033800  704       3       com.badlogic.gdx.graphics.glutils.ShaderProgram::checkManaged (25 bytes)
Event: 1.745 Thread 0x00007f95f1033800 nmethod 704 0x00000001092b9ad0 code [0x00000001092b9c40, 0x00000001092b9e28]
Event: 1.794 Thread 0x00007f95f1033800  705       3       com.badlogic.gdx.math.Plane::set (60 bytes)
Event: 1.795 Thread 0x00007f95f1033800 nmethod 705 0x00000001092b9ed0 code [0x00000001092ba0e0, 0x00000001092ba888]
Event: 1.795 Thread 0x00007f95f1033800  706       3       com.badlogic.gdx.math.Vector3::crs (44 bytes)
Event: 1.795 Thread 0x00007f95f1033800 nmethod 706 0x00000001092bad10 code [0x00000001092bae80, 0x00000001092bb090]
Event: 1.850 Thread 0x00007f95f1032800  707       4       java.nio.DirectByteBuffer::put (18 bytes)
Event: 1.850 Thread 0x00007f95f1032800 nmethod 707 0x00000001092b5250 code [0x00000001092b5380, 0x00000001092b5418]

GC Heap History (10 events):
Event: 0.304 GC heap before
{Heap before GC invocations=4 (full 0):
 PSYoungGen      total 1536K, used 1504K [0x00000007aab00000, 0x00000007aae00000, 0x00000007c0000000)
  eden space 1024K, 100% used [0x00000007aab00000,0x00000007aac00000,0x00000007aac00000)
  from space 512K, 93% used [0x00000007aac00000,0x00000007aac78020,0x00000007aac80000)
  to   space 512K, 0% used [0x00000007aad80000,0x00000007aad80000,0x00000007aae00000)
 ParOldGen       total 64000K, used 247K [0x0000000780000000, 0x0000000783e80000, 0x00000007aab00000)
  object space 64000K, 0% used [0x0000000780000000,0x000000078003dff8,0x0000000783e80000)
 Metaspace       used 3586K, capacity 4792K, committed 5120K, reserved 1056768K
  class space    used 384K, capacity 424K, committed 512K, reserved 1048576K
Event: 0.305 GC heap after
Heap after GC invocations=4 (full 0):
 PSYoungGen      total 2560K, used 496K [0x00000007aab00000, 0x00000007aae00000, 0x00000007c0000000)
  eden space 2048K, 0% used [0x00000007aab00000,0x00000007aab00000,0x00000007aad00000)
  from space 512K, 96% used [0x00000007aad80000,0x00000007aadfc010,0x00000007aae00000)
  to   space 512K, 0% used [0x00000007aad00000,0x00000007aad00000,0x00000007aad80000)
 ParOldGen       total 64000K, used 513K [0x0000000780000000, 0x0000000783e80000, 0x00000007aab00000)
  object space 64000K, 0% used [0x0000000780000000,0x0000000780080708,0x0000000783e80000)
 Metaspace       used 3586K, capacity 4792K, committed 5120K, reserved 1056768K
  class space    used 384K, capacity 424K, committed 512K, reserved 1048576K
}
Event: 0.520 GC heap before
{Heap before GC invocations=5 (full 0):
 PSYoungGen      total 2560K, used 2544K [0x00000007aab00000, 0x00000007aae00000, 0x00000007c0000000)
  eden space 2048K, 100% used [0x00000007aab00000,0x00000007aad00000,0x00000007aad00000)
  from space 512K, 96% used [0x00000007aad80000,0x00000007aadfc010,0x00000007aae00000)
  to   space 512K, 0% used [0x00000007aad00000,0x00000007aad00000,0x00000007aad80000)
 ParOldGen       total 64000K, used 513K [0x0000000780000000, 0x0000000783e80000, 0x00000007aab00000)
  object space 64000K, 0% used [0x0000000780000000,0x0000000780080708,0x0000000783e80000)
 Metaspace       used 5023K, capacity 5210K, committed 5248K, reserved 1056768K
  class space    used 562K, capacity 621K, committed 640K, reserved 1048576K
Event: 0.523 GC heap after
Heap after GC invocations=5 (full 0):
 PSYoungGen      total 2560K, used 496K [0x00000007aab00000, 0x00000007ab100000, 0x00000007c0000000)
  eden space 2048K, 0% used [0x00000007aab00000,0x00000007aab00000,0x00000007aad00000)
  from space 512K, 96% used [0x00000007aad00000,0x00000007aad7c010,0x00000007aad80000)
  to   space 1024K, 0% used [0x00000007ab000000,0x00000007ab000000,0x00000007ab100000)
 ParOldGen       total 64000K, used 925K [0x0000000780000000, 0x0000000783e80000, 0x00000007aab00000)
  object space 64000K, 1% used [0x0000000780000000,0x00000007800e74d0,0x0000000783e80000)
 Metaspace       used 5023K, capacity 5210K, committed 5248K, reserved 1056768K
  class space    used 562K, capacity 621K, committed 640K, reserved 1048576K
}
Event: 0.624 GC heap before
{Heap before GC invocations=6 (full 0):
 PSYoungGen      total 2560K, used 2544K [0x00000007aab00000, 0x00000007ab100000, 0x00000007c0000000)
  eden space 2048K, 100% used [0x00000007aab00000,0x00000007aad00000,0x00000007aad00000)
  from space 512K, 96% used [0x00000007aad00000,0x00000007aad7c010,0x00000007aad80000)
  to   space 1024K, 0% used [0x00000007ab000000,0x00000007ab000000,0x00000007ab100000)
 ParOldGen       total 64000K, used 925K [0x0000000780000000, 0x0000000783e80000, 0x00000007aab00000)
  object space 64000K, 1% used [0x0000000780000000,0x00000007800e74d0,0x0000000783e80000)
 Metaspace       used 5820K, capacity 5940K, committed 6144K, reserved 1056768K
  class space    used 642K, capacity 690K, committed 768K, reserved 1048576K
Event: 0.626 GC heap after
Heap after GC invocations=6 (full 0):
 PSYoungGen      total 4608K, used 1008K [0x00000007aab00000, 0x00000007ab200000, 0x00000007c0000000)
  eden space 3584K, 0% used [0x00000007aab00000,0x00000007aab00000,0x00000007aae80000)
  from space 1024K, 98% used [0x00000007ab000000,0x00000007ab0fc298,0x00000007ab100000)
  to   space 1536K, 0% used [0x00000007aae80000,0x00000007aae80000,0x00000007ab000000)
 ParOldGen       total 64000K, used 933K [0x0000000780000000, 0x0000000783e80000, 0x00000007aab00000)
  object space 64000K, 1% used [0x0000000780000000,0x00000007800e94d0,0x0000000783e80000)
 Metaspace       used 5820K, capacity 5940K, committed 6144K, reserved 1056768K
  class space    used 642K, capacity 690K, committed 768K, reserved 1048576K
}
Event: 0.827 GC heap before
{Heap before GC invocations=7 (full 0):
 PSYoungGen      total 4608K, used 4592K [0x00000007aab00000, 0x00000007ab200000, 0x00000007c0000000)
  eden space 3584K, 100% used [0x00000007aab00000,0x00000007aae80000,0x00000007aae80000)
  from space 1024K, 98% used [0x00000007ab000000,0x00000007ab0fc298,0x00000007ab100000)
  to   space 1536K, 0% used [0x00000007aae80000,0x00000007aae80000,0x00000007ab000000)
 ParOldGen       total 64000K, used 933K [0x0000000780000000, 0x0000000783e80000, 0x00000007aab00000)
  object space 64000K, 1% used [0x0000000780000000,0x00000007800e94d0,0x0000000783e80000)
 Metaspace       used 7029K, capacity 7119K, committed 7168K, reserved 1056768K
  class space    used 695K, capacity 754K, committed 768K, reserved 1048576K
Event: 0.830 GC heap after
Heap after GC invocations=7 (full 0):
 PSYoungGen      total 5120K, used 1398K [0x00000007aab00000, 0x00000007ab500000, 0x00000007c0000000)
  eden space 3584K, 0% used [0x00000007aab00000,0x00000007aab00000,0x00000007aae80000)
  from space 1536K, 91% used [0x00000007aae80000,0x00000007aafdda88,0x00000007ab000000)
  to   space 1536K, 0% used [0x00000007ab380000,0x00000007ab380000,0x00000007ab500000)
 ParOldGen       total 64000K, used 1125K [0x0000000780000000, 0x0000000783e80000, 0x00000007aab00000)
  object space 64000K, 1% used [0x0000000780000000,0x0000000780119500,0x0000000783e80000)
 Metaspace       used 7029K, capacity 7119K, committed 7168K, reserved 1056768K
  class space    used 695K, capacity 754K, committed 768K, reserved 1048576K
}
Event: 0.966 GC heap before
{Heap before GC invocations=8 (full 0):
 PSYoungGen      total 5120K, used 4978K [0x00000007aab00000, 0x00000007ab500000, 0x00000007c0000000)
  eden space 3584K, 99% used [0x00000007aab00000,0x00000007aae7f0b0,0x00000007aae80000)
  from space 1536K, 91% used [0x00000007aae80000,0x00000007aafdda88,0x00000007ab000000)
  to   space 1536K, 0% used [0x00000007ab380000,0x00000007ab380000,0x00000007ab500000)
 ParOldGen       total 64000K, used 1125K [0x0000000780000000, 0x0000000783e80000, 0x00000007aab00000)
  object space 64000K, 1% used [0x0000000780000000,0x0000000780119500,0x0000000783e80000)
 Metaspace       used 8472K, capacity 8591K, committed 8832K, reserved 1056768K
  class space    used 857K, capacity 882K, committed 896K, reserved 1048576K
Event: 0.968 GC heap after
Heap after GC invocations=8 (full 0):
 PSYoungGen      total 8192K, used 1309K [0x00000007aab00000, 0x00000007ab600000, 0x00000007c0000000)
  eden space 6656K, 0% used [0x00000007aab00000,0x00000007aab00000,0x00000007ab180000)
  from space 1536K, 85% used [0x00000007ab380000,0x00000007ab4c7580,0x00000007ab500000)
  to   space 2048K, 0% used [0x00000007ab180000,0x00000007ab180000,0x00000007ab380000)
 ParOldGen       total 64000K, used 1285K [0x0000000780000000, 0x0000000783e80000, 0x00000007aab00000)
  object space 64000K, 2% used [0x0000000780000000,0x0000000780141500,0x0000000783e80000)
 Metaspace       used 8472K, capacity 8591K, committed 8832K, reserved 1056768K
  class space    used 857K, capacity 882K, committed 896K, reserved 1048576K
}

Deoptimization events (0 events):
No events

Internal exceptions (10 events):
Event: 1.151 Thread 0x00007f95f1955000 Exception <a 'java/security/PrivilegedActionException'> (0x00000007aaf60768) thrown at [/HUDSON/workspace/8-2-build-macosx-x86_64/jdk8u5/2488/hotspot/src/share/vm/prims/jvm.cpp, line 1248]
Event: 1.153 Thread 0x00007f95f1955000 Exception <a 'java/security/PrivilegedActionException'> (0x00000007aaf68438) thrown at [/HUDSON/workspace/8-2-build-macosx-x86_64/jdk8u5/2488/hotspot/src/share/vm/prims/jvm.cpp, line 1248]
Event: 1.154 Thread 0x00007f95f1955000 Exception <a 'java/security/PrivilegedActionException'> (0x00000007aaf6fa28) thrown at [/HUDSON/workspace/8-2-build-macosx-x86_64/jdk8u5/2488/hotspot/src/share/vm/prims/jvm.cpp, line 1248]
Event: 1.155 Thread 0x00007f95f1955000 Exception <a 'java/security/PrivilegedActionException'> (0x00000007aaf76510) thrown at [/HUDSON/workspace/8-2-build-macosx-x86_64/jdk8u5/2488/hotspot/src/share/vm/prims/jvm.cpp, line 1248]
Event: 1.157 Thread 0x00007f95f1955000 Exception <a 'java/security/PrivilegedActionException'> (0x00000007aaf7d5c0) thrown at [/HUDSON/workspace/8-2-build-macosx-x86_64/jdk8u5/2488/hotspot/src/share/vm/prims/jvm.cpp, line 1248]
Event: 1.158 Thread 0x00007f95f1955000 Exception <a 'java/security/PrivilegedActionException'> (0x00000007aaf866c0) thrown at [/HUDSON/workspace/8-2-build-macosx-x86_64/jdk8u5/2488/hotspot/src/share/vm/prims/jvm.cpp, line 1248]
Event: 1.159 Thread 0x00007f95f1955000 Exception <a 'java/security/PrivilegedActionException'> (0x00000007aaf8bf08) thrown at [/HUDSON/workspace/8-2-build-macosx-x86_64/jdk8u5/2488/hotspot/src/share/vm/prims/jvm.cpp, line 1248]
Event: 1.159 Thread 0x00007f95f1955000 Exception <a 'java/security/PrivilegedActionException'> (0x00000007aaf92798) thrown at [/HUDSON/workspace/8-2-build-macosx-x86_64/jdk8u5/2488/hotspot/src/share/vm/prims/jvm.cpp, line 1248]
Event: 1.845 Thread 0x00007f95f1955000 Exception <a 'java/security/PrivilegedActionException'> (0x00000007aaf994c0) thrown at [/HUDSON/workspace/8-2-build-macosx-x86_64/jdk8u5/2488/hotspot/src/share/vm/prims/jvm.cpp, line 1248]
Event: 1.848 Thread 0x00007f95f1955000 Exception <a 'java/security/PrivilegedActionException'> (0x00000007aaf9f830) thrown at [/HUDSON/workspace/8-2-build-macosx-x86_64/jdk8u5/2488/hotspot/src/share/vm/prims/jvm.cpp, line 1248]

Events (10 events):
Event: 1.158 loading class com/badlogic/gdx/graphics/glutils/ImmediateModeRenderer
Event: 1.158 loading class com/badlogic/gdx/graphics/glutils/ImmediateModeRenderer done
Event: 1.159 loading class org/lwjgl/opengl/Sync
Event: 1.159 loading class org/lwjgl/opengl/Sync done
Event: 1.159 loading class org/lwjgl/opengl/Sync$RunningAvg
Event: 1.159 loading class org/lwjgl/opengl/Sync$RunningAvg done
Event: 1.845 loading class com/badlogic/gdx/backends/lwjgl/LwjglApplication$2
Event: 1.845 loading class com/badlogic/gdx/backends/lwjgl/LwjglApplication$2 done
Event: 1.848 loading class org/lwjgl/opengl/CallbackUtil
Event: 1.848 loading class org/lwjgl/opengl/CallbackUtil done


Dynamic libraries:
0x000000000aeb3000 	/System/Library/Frameworks/Cocoa.framework/Versions/A/Cocoa
0x000000000aeb3000 	/System/Library/Frameworks/Security.framework/Versions/A/Security
0x000000000aeb3000 	/System/Library/Frameworks/ApplicationServices.framework/Versions/A/ApplicationServices
0x000000000aeb3000 	/usr/lib/libz.1.dylib
0x000000000aeb3000 	/usr/lib/libSystem.B.dylib
0x000000000aeb3000 	/usr/lib/libobjc.A.dylib
0x000000000aeb3000 	/System/Library/Frameworks/CoreFoundation.framework/Versions/A/CoreFoundation
0x000000000aeb3000 	/System/Library/Frameworks/Foundation.framework/Versions/C/Foundation
0x000000000aeb3000 	/System/Library/Frameworks/AppKit.framework/Versions/C/AppKit
0x000000000aeb3000 	/System/Library/Frameworks/CoreData.framework/Versions/A/CoreData
0x000000000aeb3000 	/System/Library/PrivateFrameworks/RemoteViewServices.framework/Versions/A/RemoteViewServices
0x000000000aeb3000 	/System/Library/Frameworks/AudioToolbox.framework/Versions/A/AudioToolbox
0x000000000aeb3000 	/System/Library/Frameworks/AudioUnit.framework/Versions/A/AudioUnit
0x000000000aeb3000 	/System/Library/PrivateFrameworks/DataDetectorsCore.framework/Versions/A/DataDetectorsCore
0x000000000aeb3000 	/System/Library/PrivateFrameworks/DesktopServicesPriv.framework/Versions/A/DesktopServicesPriv
0x000000000aeb3000 	/System/Library/Frameworks/Carbon.framework/Versions/A/Frameworks/HIToolbox.framework/Versions/A/HIToolbox
0x000000000aeb3000 	/System/Library/Frameworks/QuartzCore.framework/Versions/A/QuartzCore
0x000000000aeb3000 	/System/Library/Frameworks/Carbon.framework/Versions/A/Frameworks/SpeechRecognition.framework/Versions/A/SpeechRecognition
0x000000000aeb3000 	/usr/lib/libauto.dylib
0x000000000aeb3000 	/usr/lib/libicucore.A.dylib
0x000000000aeb3000 	/usr/lib/libxml2.2.dylib
0x000000000aeb3000 	/System/Library/PrivateFrameworks/CoreUI.framework/Versions/A/CoreUI
0x000000000aeb3000 	/System/Library/Frameworks/CoreAudio.framework/Versions/A/CoreAudio
0x000000000aeb3000 	/System/Library/Frameworks/DiskArbitration.framework/Versions/A/DiskArbitration
0x000000000aeb3000 	/usr/lib/liblangid.dylib
0x000000000aeb3000 	/System/Library/PrivateFrameworks/MultitouchSupport.framework/Versions/A/MultitouchSupport
0x000000000aeb3000 	/System/Library/Frameworks/IOKit.framework/Versions/A/IOKit
0x000000000aeb3000 	/usr/lib/libDiagnosticMessagesClient.dylib
0x000000000aeb3000 	/System/Library/Frameworks/CoreServices.framework/Versions/A/CoreServices
0x000000000aeb3000 	/System/Library/PrivateFrameworks/PerformanceAnalysis.framework/Versions/A/PerformanceAnalysis
0x000000000aeb3000 	/System/Library/PrivateFrameworks/GenerationalStorage.framework/Versions/A/GenerationalStorage
0x000000000aeb3000 	/System/Library/Frameworks/OpenGL.framework/Versions/A/OpenGL
0x000000000aeb3000 	/System/Library/PrivateFrameworks/Sharing.framework/Versions/A/Sharing
0x000000000aeb3000 	/System/Library/Frameworks/ImageIO.framework/Versions/A/ImageIO
0x000000000aeb3000 	/System/Library/Frameworks/CoreText.framework/Versions/A/CoreText
0x000000000aeb3000 	/System/Library/Frameworks/CoreGraphics.framework/Versions/A/CoreGraphics
0x000000000aeb3000 	/System/Library/PrivateFrameworks/Backup.framework/Versions/A/Backup
0x000000000aeb3000 	/System/Library/Frameworks/CFNetwork.framework/Versions/A/CFNetwork
0x000000000aeb3000 	/System/Library/Frameworks/SystemConfiguration.framework/Versions/A/SystemConfiguration
0x000000000aeb3000 	/usr/lib/libCRFSuite.dylib
0x000000000aeb3000 	/usr/lib/libc++.1.dylib
0x000000000aeb3000 	/usr/lib/libc++abi.dylib
0x000000000aeb3000 	/usr/lib/system/libcache.dylib
0x000000000aeb3000 	/usr/lib/system/libcommonCrypto.dylib
0x000000000aeb3000 	/usr/lib/system/libcompiler_rt.dylib
0x000000000aeb3000 	/usr/lib/system/libcopyfile.dylib
0x000000000aeb3000 	/usr/lib/system/libcorecrypto.dylib
0x000000000aeb3000 	/usr/lib/system/libdispatch.dylib
0x000000000aeb3000 	/usr/lib/system/libdyld.dylib
0x000000000aeb3000 	/usr/lib/system/libkeymgr.dylib
0x000000000aeb3000 	/usr/lib/system/liblaunch.dylib
0x000000000aeb3000 	/usr/lib/system/libmacho.dylib
0x000000000aeb3000 	/usr/lib/system/libquarantine.dylib
0x000000000aeb3000 	/usr/lib/system/libremovefile.dylib
0x000000000aeb3000 	/usr/lib/system/libsystem_asl.dylib
0x000000000aeb3000 	/usr/lib/system/libsystem_blocks.dylib
0x000000000aeb3000 	/usr/lib/system/libsystem_c.dylib
0x000000000aeb3000 	/usr/lib/system/libsystem_configuration.dylib
0x000000000aeb3000 	/usr/lib/system/libsystem_dnssd.dylib
0x000000000aeb3000 	/usr/lib/system/libsystem_info.dylib
0x000000000aeb3000 	/usr/lib/system/libsystem_kernel.dylib
0x000000000aeb3000 	/usr/lib/system/libsystem_m.dylib
0x000000000aeb3000 	/usr/lib/system/libsystem_malloc.dylib
0x000000000aeb3000 	/usr/lib/system/libsystem_network.dylib
0x000000000aeb3000 	/usr/lib/system/libsystem_notify.dylib
0x000000000aeb3000 	/usr/lib/system/libsystem_platform.dylib
0x000000000aeb3000 	/usr/lib/system/libsystem_pthread.dylib
0x000000000aeb3000 	/usr/lib/system/libsystem_sandbox.dylib
0x000000000aeb3000 	/usr/lib/system/libsystem_stats.dylib
0x000000000aeb3000 	/usr/lib/system/libunc.dylib
0x000000000aeb3000 	/usr/lib/system/libunwind.dylib
0x000000000aeb3000 	/usr/lib/system/libxpc.dylib
0x000000000aeb3000 	/usr/lib/libbsm.0.dylib
0x000000000aeb3000 	/usr/lib/libsqlite3.dylib
0x000000000aeb3000 	/usr/lib/libxar.1.dylib
0x000000000aeb3000 	/usr/lib/libpam.2.dylib
0x000000000aeb3000 	/usr/lib/libOpenScriptingUtil.dylib
0x000000000aeb3000 	/usr/lib/libbz2.1.0.dylib
0x000000000aeb3000 	/System/Library/Frameworks/CoreServices.framework/Versions/A/Frameworks/CarbonCore.framework/Versions/A/CarbonCore
0x000000000aeb3000 	/System/Library/Frameworks/CoreServices.framework/Versions/A/Frameworks/Metadata.framework/Versions/A/Metadata
0x000000000aeb3000 	/System/Library/Frameworks/CoreServices.framework/Versions/A/Frameworks/OSServices.framework/Versions/A/OSServices
0x000000000aeb3000 	/System/Library/Frameworks/CoreServices.framework/Versions/A/Frameworks/SearchKit.framework/Versions/A/SearchKit
0x000000000aeb3000 	/System/Library/Frameworks/CoreServices.framework/Versions/A/Frameworks/AE.framework/Versions/A/AE
0x000000000aeb3000 	/System/Library/Frameworks/CoreServices.framework/Versions/A/Frameworks/LaunchServices.framework/Versions/A/LaunchServices
0x000000000aeb3000 	/System/Library/Frameworks/CoreServices.framework/Versions/A/Frameworks/DictionaryServices.framework/Versions/A/DictionaryServices
0x000000000aeb3000 	/System/Library/Frameworks/NetFS.framework/Versions/A/NetFS
0x000000000aeb3000 	/usr/lib/system/libkxld.dylib
0x000000000aeb3000 	/System/Library/PrivateFrameworks/NetAuth.framework/Versions/A/NetAuth
0x000000000aeb3000 	/System/Library/PrivateFrameworks/TCC.framework/Versions/A/TCC
0x000000000aeb3000 	/System/Library/Frameworks/OpenDirectory.framework/Versions/A/Frameworks/CFOpenDirectory.framework/Versions/A/CFOpenDirectory
0x000000000aeb3000 	/System/Library/Frameworks/ServiceManagement.framework/Versions/A/ServiceManagement
0x000000000aeb3000 	/usr/lib/libxslt.1.dylib
0x000000000aeb3000 	/System/Library/Frameworks/Carbon.framework/Versions/A/Frameworks/Ink.framework/Versions/A/Ink
0x000000000aeb3000 	/System/Library/Frameworks/ApplicationServices.framework/Versions/A/Frameworks/ATS.framework/Versions/A/ATS
0x000000000aeb3000 	/System/Library/Frameworks/ApplicationServices.framework/Versions/A/Frameworks/ColorSync.framework/Versions/A/ColorSync
0x000000000aeb3000 	/System/Library/Frameworks/ApplicationServices.framework/Versions/A/Frameworks/HIServices.framework/Versions/A/HIServices
0x000000000aeb3000 	/System/Library/Frameworks/ApplicationServices.framework/Versions/A/Frameworks/LangAnalysis.framework/Versions/A/LangAnalysis
0x000000000aeb3000 	/System/Library/Frameworks/ApplicationServices.framework/Versions/A/Frameworks/PrintCore.framework/Versions/A/PrintCore
0x000000000aeb3000 	/System/Library/Frameworks/ApplicationServices.framework/Versions/A/Frameworks/QD.framework/Versions/A/QD
0x000000000aeb3000 	/System/Library/Frameworks/ApplicationServices.framework/Versions/A/Frameworks/SpeechSynthesis.framework/Versions/A/SpeechSynthesis
0x000000000aeb3000 	/System/Library/Frameworks/IOSurface.framework/Versions/A/IOSurface
0x000000000aeb3000 	/System/Library/Frameworks/Accelerate.framework/Versions/A/Accelerate
0x000000000aeb3000 	/System/Library/Frameworks/Accelerate.framework/Versions/A/Frameworks/vImage.framework/Versions/A/vImage
0x000000000aeb3000 	/System/Library/Frameworks/Accelerate.framework/Versions/A/Frameworks/vecLib.framework/Versions/A/vecLib
0x000000000aeb3000 	/System/Library/Frameworks/Accelerate.framework/Versions/A/Frameworks/vecLib.framework/Versions/A/libvDSP.dylib
0x000000000aeb3000 	/System/Library/Frameworks/Accelerate.framework/Versions/A/Frameworks/vecLib.framework/Versions/A/libvMisc.dylib
0x000000000aeb3000 	/System/Library/Frameworks/Accelerate.framework/Versions/A/Frameworks/vecLib.framework/Versions/A/libLAPACK.dylib
0x000000000aeb3000 	/System/Library/Frameworks/Accelerate.framework/Versions/A/Frameworks/vecLib.framework/Versions/A/libBLAS.dylib
0x000000000aeb3000 	/System/Library/Frameworks/ApplicationServices.framework/Versions/A/Frameworks/ATS.framework/Versions/A/Resources/libFontParser.dylib
0x000000000aeb3000 	/System/Library/Frameworks/ApplicationServices.framework/Versions/A/Frameworks/ATS.framework/Versions/A/Resources/libFontRegistry.dylib
0x000000000aeb3000 	/System/Library/Frameworks/ImageIO.framework/Versions/A/Resources/libJPEG.dylib
0x000000000aeb3000 	/System/Library/Frameworks/ImageIO.framework/Versions/A/Resources/libTIFF.dylib
0x000000000aeb3000 	/System/Library/Frameworks/ImageIO.framework/Versions/A/Resources/libPng.dylib
0x000000000aeb3000 	/System/Library/Frameworks/ImageIO.framework/Versions/A/Resources/libGIF.dylib
0x000000000aeb3000 	/System/Library/Frameworks/ImageIO.framework/Versions/A/Resources/libJP2.dylib
0x000000000aeb3000 	/System/Library/Frameworks/ImageIO.framework/Versions/A/Resources/libRadiance.dylib
0x000000000aeb3000 	/usr/lib/libcups.2.dylib
0x000000000aeb3000 	/System/Library/Frameworks/Kerberos.framework/Versions/A/Kerberos
0x000000000aeb3000 	/System/Library/Frameworks/GSS.framework/Versions/A/GSS
0x000000000aeb3000 	/usr/lib/libresolv.9.dylib
0x000000000aeb3000 	/usr/lib/libiconv.2.dylib
0x000000000aeb3000 	/System/Library/PrivateFrameworks/Heimdal.framework/Versions/A/Heimdal
0x000000000aeb3000 	/System/Library/PrivateFrameworks/TrustEvaluationAgent.framework/Versions/A/TrustEvaluationAgent
0x000000000aeb3000 	/usr/lib/libheimdal-asn1.dylib
0x000000000aeb3000 	/System/Library/Frameworks/OpenDirectory.framework/Versions/A/OpenDirectory
0x000000000aeb3000 	/System/Library/PrivateFrameworks/CommonAuth.framework/Versions/A/CommonAuth
0x000000000aeb3000 	/System/Library/Frameworks/SecurityFoundation.framework/Versions/A/SecurityFoundation
0x000000000aeb3000 	/System/Library/PrivateFrameworks/Bom.framework/Versions/A/Bom
0x000000000aeb3000 	/System/Library/Frameworks/CoreVideo.framework/Versions/A/CoreVideo
0x000000000aeb3000 	/System/Library/Frameworks/QuartzCore.framework/Versions/A/Frameworks/CoreImage.framework/Versions/A/CoreImage
0x000000000aeb3000 	/System/Library/Frameworks/QuartzCore.framework/Versions/A/Frameworks/ScalableUserInterface.framework/Versions/A/ScalableUserInterface
0x000000000aeb3000 	/System/Library/Frameworks/OpenGL.framework/Versions/A/Libraries/libGLU.dylib
0x000000000aeb3000 	/System/Library/Frameworks/OpenGL.framework/Versions/A/Libraries/libGFXShared.dylib
0x000000000aeb3000 	/System/Library/Frameworks/OpenGL.framework/Versions/A/Libraries/libGL.dylib
0x000000000aeb3000 	/System/Library/Frameworks/OpenGL.framework/Versions/A/Libraries/libGLImage.dylib
0x000000000aeb3000 	/System/Library/Frameworks/OpenGL.framework/Versions/A/Libraries/libCVMSPluginSupport.dylib
0x000000000aeb3000 	/System/Library/Frameworks/OpenGL.framework/Versions/A/Libraries/libCoreVMClient.dylib
0x000000000aeb3000 	/System/Library/PrivateFrameworks/FaceCore.framework/Versions/A/FaceCore
0x000000000aeb3000 	/System/Library/PrivateFrameworks/CrashReporterSupport.framework/Versions/A/CrashReporterSupport
0x000000000aeb3000 	/System/Library/Frameworks/OpenCL.framework/Versions/A/OpenCL
0x000000000aeb3000 	/System/Library/PrivateFrameworks/AppleFSCompression.framework/Versions/A/AppleFSCompression
0x000000000aeb3000 	/System/Library/PrivateFrameworks/Ubiquity.framework/Versions/A/Ubiquity
0x000000000aeb3000 	/System/Library/PrivateFrameworks/IconServices.framework/Versions/A/IconServices
0x000000000aeb3000 	/System/Library/PrivateFrameworks/ChunkingLibrary.framework/Versions/A/ChunkingLibrary
0x000000000aeb3000 	/System/Library/PrivateFrameworks/CoreSymbolication.framework/Versions/A/CoreSymbolication
0x000000000aeb3000 	/System/Library/PrivateFrameworks/Symbolication.framework/Versions/A/Symbolication
0x000000000aeb3000 	/System/Library/PrivateFrameworks/DebugSymbols.framework/Versions/A/DebugSymbols
0x00000001077d6000 	/Library/Java/JavaVirtualMachines/jdk1.8.0_05.jdk/Contents/Home/jre/lib/server/libjvm.dylib
0x000000000aeb3000 	/usr/lib/libstdc++.6.dylib
0x00000001087af000 	/Library/Java/JavaVirtualMachines/jdk1.8.0_05.jdk/Contents/Home/jre/lib/libverify.dylib
0x00000001087bd000 	/Library/Java/JavaVirtualMachines/jdk1.8.0_05.jdk/Contents/Home/jre/lib/libjava.dylib
0x0000000109000000 	/Library/Java/JavaVirtualMachines/jdk1.8.0_05.jdk/Contents/Home/jre/lib/libzip.dylib
0x000000011cb14000 	/System/Library/Frameworks/JavaVM.framework/Frameworks/JavaRuntimeSupport.framework/JavaRuntimeSupport
0x000000011cb2c000 	/System/Library/Frameworks/JavaVM.framework/Versions/A/Frameworks/JavaNativeFoundation.framework/Versions/A/JavaNativeFoundation
0x000000011cb41000 	/System/Library/Frameworks/JavaVM.framework/Versions/A/JavaVM
0x000000000aeb3000 	/System/Library/Frameworks/Carbon.framework/Versions/A/Carbon
0x000000011cb4e000 	/System/Library/PrivateFrameworks/JavaLaunching.framework/Versions/A/JavaLaunching
0x000000000aeb3000 	/System/Library/Frameworks/Carbon.framework/Versions/A/Frameworks/CommonPanels.framework/Versions/A/CommonPanels
0x000000000aeb3000 	/System/Library/Frameworks/Carbon.framework/Versions/A/Frameworks/Help.framework/Versions/A/Help
0x000000000aeb3000 	/System/Library/Frameworks/Carbon.framework/Versions/A/Frameworks/ImageCapture.framework/Versions/A/ImageCapture
0x000000000aeb3000 	/System/Library/Frameworks/Carbon.framework/Versions/A/Frameworks/OpenScripting.framework/Versions/A/OpenScripting
0x000000000aeb3000 	/System/Library/Frameworks/Carbon.framework/Versions/A/Frameworks/Print.framework/Versions/A/Print
0x000000000aeb3000 	/System/Library/Frameworks/Carbon.framework/Versions/A/Frameworks/SecurityHI.framework/Versions/A/SecurityHI
0x000000011d2f4000 	/private/var/folders/3w/s48_lyv17g5_lzz63bncw5wc0000gn/T/libgdxdanielpoplawski/e4139f10/libgdx64.dylib
0x000000011d332000 	/Library/Java/JavaVirtualMachines/jdk1.8.0_05.jdk/Contents/Home/jre/lib/libawt.dylib
0x000000011d3e1000 	/Library/Java/JavaVirtualMachines/jdk1.8.0_05.jdk/Contents/Home/jre/lib/./libmlib_image.dylib
0x000000011d4ad000 	/Library/Java/JavaVirtualMachines/jdk1.8.0_05.jdk/Contents/Home/jre/lib/libawt_lwawt.dylib
0x000000011d55f000 	/Library/Java/JavaVirtualMachines/jdk1.8.0_05.jdk/Contents/Home/jre/lib/./libosxapp.dylib
0x000000000aeb3000 	/System/Library/Frameworks/ExceptionHandling.framework/Versions/A/ExceptionHandling
0x000000000aeb3000 	/System/Library/PrivateFrameworks/CoreServicesInternal.framework/Versions/A/CoreServicesInternal
0x000000000aeb3000 	/System/Library/PrivateFrameworks/Librarian.framework/Versions/A/Librarian
0x000000011edce000 	/System/Library/Frameworks/CoreGraphics.framework/Versions/A/Resources/libCGCMS.A.dylib
0x000000011f9bb000 	/System/Library/Frameworks/CoreGraphics.framework/Versions/A/Resources/libRIP.A.dylib
0x000000011fbf4000 	/System/Library/Frameworks/CoreGraphics.framework/Versions/A/Resources/libCGXType.A.dylib
0x000000000aeb3000 	/System/Library/PrivateFrameworks/FamilyControls.framework/Versions/A/FamilyControls
0x000000000aeb3000 	/System/Library/PrivateFrameworks/CommerceKit.framework/Versions/A/Frameworks/CommerceCore.framework/Versions/A/CommerceCore
0x000000000aeb3000 	/System/Library/PrivateFrameworks/SystemAdministration.framework/Versions/A/SystemAdministration
0x000000000aeb3000 	/System/Library/Frameworks/DirectoryService.framework/Versions/A/DirectoryService
0x000000000aeb3000 	/System/Library/PrivateFrameworks/DiskImages.framework/Versions/A/DiskImages
0x000000000aeb3000 	/System/Library/PrivateFrameworks/LoginUIKit.framework/Versions/A/Frameworks/LoginUICore.framework/Versions/A/LoginUICore
0x000000000aeb3000 	/usr/lib/libCoreStorage.dylib
0x000000000aeb3000 	/usr/lib/libcsfde.dylib
0x000000000aeb3000 	/usr/lib/libodfde.dylib
0x000000000aeb3000 	/System/Library/Frameworks/DiscRecording.framework/Versions/A/DiscRecording
0x000000000aeb3000 	/usr/lib/libcurl.4.dylib
0x000000000aeb3000 	/System/Library/PrivateFrameworks/MediaKit.framework/Versions/A/MediaKit
0x000000000aeb3000 	/System/Library/PrivateFrameworks/EFILogin.framework/Versions/A/EFILogin
0x000000000aeb3000 	/usr/lib/libutil.dylib
0x000000000aeb3000 	/System/Library/PrivateFrameworks/AOSNotification.framework/Versions/A/AOSNotification
0x000000000aeb3000 	/System/Library/Frameworks/LDAP.framework/Versions/A/LDAP
0x000000000aeb3000 	/usr/lib/libsasl2.2.dylib
0x000000000aeb3000 	/usr/lib/libcrypto.0.9.8.dylib
0x000000000aeb3000 	/usr/lib/libssl.0.9.8.dylib
0x000000012153a000 	/Library/Java/JavaVirtualMachines/jdk1.8.0_05.jdk/Contents/Home/jre/lib/libfontmanager.dylib
0x00000001215a0000 	/private/var/folders/3w/s48_lyv17g5_lzz63bncw5wc0000gn/T/libgdxdanielpoplawski/45614fc1/liblwjgl.dylib
0x000000011edfc000 	/Library/Java/JavaVirtualMachines/jdk1.8.0_05.jdk/Contents/Home/jre/lib/libjawt.dylib
0x000000012161f000 	/var/folders/3w/s48_lyv17g5_lzz63bncw5wc0000gn/T/libgdxdanielpoplawski/45614fc1/openal.dylib
0x000000012168e000 	/System/Library/Components/CoreAudio.component/Contents/MacOS/CoreAudio
0x000000011fbe9000 	/System/Library/Extensions/AppleHDA.kext/Contents/PlugIns/AppleHDAHALPlugIn.bundle/Contents/MacOS/AppleHDAHALPlugIn
0x000000000aeb3000 	/System/Library/Frameworks/OpenGL.framework/Versions/A/Resources/GLEngine.bundle/GLEngine
0x000000000aeb3000 	/System/Library/Frameworks/OpenGL.framework/Versions/A/Libraries/libGLProgrammability.dylib
0x0000000000000000 	/System/Library/Extensions/AppleIntelHD3000GraphicsGLDriver.bundle/Contents/MacOS/AppleIntelHD3000GraphicsGLDriver
0x0000000121aa7000 	/System/Library/PrivateFrameworks/GPUSupport.framework/Versions/A/Libraries/libGPUSupport.dylib
0x000000000aeb3000 	/System/Library/Frameworks/OpenGL.framework/Versions/A/Resources/GLRendererFloat.bundle/GLRendererFloat
0x000000000aeb3000 	/System/Library/Frameworks/OpenCL.framework/Versions/A/Libraries/libcldcpuengine.dylib
0x0000000121efb000 	cl_kernels
0x0000000121efe000 	/System/Library/Frameworks/OpenCL.framework/Versions/A/Libraries/ImageFormats/unorm8_bgra.dylib
0x0000000121eef000 	cl_kernels

VM Arguments:
jvm_args: -Dfile.encoding=UTF-8 
java_command: com.BowWowPow.desktop.DesktopLauncher
java_class_path (initial): /Users/danielpoplawski/Documents/workspace/cse-190-ss2-h/BowWowPow/desktop/bin:/Users/danielpoplawski/Documents/workspace/cse-190-ss2-h/BowWowPow/core/bin:/Users/danielpoplawski/.gradle/caches/modules-2/files-2.1/com.badlogicgames.gdx/gdx/1.2.0/eb55d6eb1165daf6be23189767c19d811ca5eb36/gdx-1.2.0.jar:/Users/danielpoplawski/.gradle/caches/modules-2/files-2.1/com.badlogicgames.gdx/gdx-backend-lwjgl/1.2.0/4d1fc56c16aa58ad5030e2782e0fad35220d8d40/gdx-backend-lwjgl-1.2.0.jar:/Users/danielpoplawski/.gradle/caches/modules-2/files-2.1/com.badlogicgames.gdx/gdx-platform/1.2.0/e1acebd7766db2a7c3330ff653c7eff206e7b10f/gdx-platform-1.2.0-natives-desktop.jar:/Users/danielpoplawski/.gradle/caches/modules-2/files-2.1/org.lwjgl.lwjgl/lwjgl-platform/2.9.1/aa9aae879af8eb378e22cfc64db56ec2ca9a44d1/lwjgl-platform-2.9.1-natives-linux.jar:/Users/danielpoplawski/.gradle/caches/modules-2/files-2.1/org.lwjgl.lwjgl/lwjgl-platform/2.9.1/2d12c83fdfbc04ecabf02c7bc8cc54d034f0daac/lwjgl-platform-2.9.1-natives-osx.jar:/Users/danielpoplawski/.gradle/caches/modules-2/files-2.1/org.lwjgl.lwjgl/lwjgl-platform/2.9.1/4c517eca808522457dd95ee8fc1fbcdbb602efbe/lwjgl-platform-2.9.1-natives-windows.jar:/Users/danielpoplawski/.gradle/caches/modules-2/files-2.1/net.java.jutils/jutils/1.0.0/e12fe1fda814bd348c1579329c86943d2cd3c6a6/jutils-1.0.0.jar:/Users/danielpoplawski/.gradle/caches/modules-2/files-2.1/net.java.jinput/jinput/2.0.5/39c7796b469a600f72380316f6b1f11db6c2c7c4/jinput-2.0.5.jar:/Users/danielpoplawski/.gradle/caches/modules-2/files-2.1/org.lwjgl.lwjgl/lwjgl/2.9.1/f58c5aabcef0e41718a564be9f8e412fff8db847/lwjgl-2.9.1.jar:/Users/danielpoplawski/.gradle/caches/modules-2/files-2.1/net.java.jinput/jinput-platform/2.0.5/7ff832a6eb9ab6a767f1ade2b548092d0fa64795/jinput-platform-2.0.5-natives-linux.jar:/Users/danielpoplawski/.gradle/caches/modules-2/files-2.1/net.java.jinput/jinput-platform/2.0.5/53f9c919f34d2ca9de8c51fc4e1e8282029a9232/jinput-platform-2.0.5-natives-osx.jar:/Users/da
Launcher Type: SUN_STANDARD

Environment Variables:
PATH=/usr/bin:/bin:/usr/sbin:/sbin
SHELL=/bin/bash
DISPLAY=/tmp/launch-s1TS6o/org.macosforge.xquartz:0

Signal Handlers:
SIGSEGV: [libjvm.dylib+0x55f7df], sa_mask[0]=0xfffefeff, sa_flags=0x00000043
SIGBUS: [libjvm.dylib+0x55f7df], sa_mask[0]=0xfffefeff, sa_flags=0x00000042
SIGFPE: [libjvm.dylib+0x442cfa], sa_mask[0]=0xfffefeff, sa_flags=0x00000042
SIGPIPE: [libjvm.dylib+0x442cfa], sa_mask[0]=0xfffefeff, sa_flags=0x00000042
SIGXFSZ: [libjvm.dylib+0x442cfa], sa_mask[0]=0xfffefeff, sa_flags=0x00000042
SIGILL: [libjvm.dylib+0x442cfa], sa_mask[0]=0xfffefeff, sa_flags=0x00000042
SIGUSR1: SIG_DFL, sa_mask[0]=0x00000000, sa_flags=0x00000002
SIGUSR2: [libjvm.dylib+0x442818], sa_mask[0]=0x00000004, sa_flags=0x00000042
SIGHUP: [libjvm.dylib+0x440ba5], sa_mask[0]=0xfffefeff, sa_flags=0x00000042
SIGINT: [libjvm.dylib+0x440ba5], sa_mask[0]=0xfffefeff, sa_flags=0x00000042
SIGTERM: [libjvm.dylib+0x440ba5], sa_mask[0]=0xfffefeff, sa_flags=0x00000042
SIGQUIT: [libjvm.dylib+0x440ba5], sa_mask[0]=0xfffefeff, sa_flags=0x00000042


---------------  S Y S T E M  ---------------

OS:Bsduname:Darwin 13.3.0 Darwin Kernel Version 13.3.0: Tue Jun  3 21:27:35 PDT 2014; root:xnu-2422.110.17~1/RELEASE_X86_64 x86_64
rlimit: STACK 8192k, CORE 0k, NPROC 709, NOFILE 10240, AS infinity
load average:1.09 1.34 1.41

CPU:total 4 (2 cores per cpu, 2 threads per core) family 6 model 42 stepping 7, cmov, cx8, fxsr, mmx, sse, sse2, sse3, ssse3, sse4.1, sse4.2, popcnt, avx, aes, clmul, ht, tsc, tscinvbit

Memory: 4k page, physical 4194304k(11312k free)

/proc/meminfo:


vm_info: Java HotSpot(TM) 64-Bit Server VM (25.5-b02) for bsd-amd64 JRE (1.8.0_05-b13), built on Mar 18 2014 00:36:13 by "java_re" with gcc 4.2.1 (Based on Apple Inc. build 5658) (LLVM build 2336.11.00)

time: Mon Jul 28 16:23:07 2014
elapsed time: 1 seconds

